execve("/usr/bin/bash", ["bash", "sysinfo_pro.sh"], 0x7ffd2fd72288 /* 39 vars */) = 0
brk(NULL)                               = 0x5b12f2df1000
mmap(NULL, 8192, PROT_READ|PROT_WRITE, MAP_PRIVATE|MAP_ANONYMOUS, -1, 0) = 0x768f116e6000
access("/etc/ld.so.preload", R_OK)      = -1 ENOENT (No such file or directory)
openat(AT_FDCWD, "/etc/ld.so.cache", O_RDONLY|O_CLOEXEC) = 3
fstat(3, {st_mode=S_IFREG|0644, st_size=33987, ...}) = 0
mmap(NULL, 33987, PROT_READ, MAP_PRIVATE, 3, 0) = 0x768f116dd000
close(3)                                = 0
openat(AT_FDCWD, "/lib/x86_64-linux-gnu/libtinfo.so.6", O_RDONLY|O_CLOEXEC) = 3
read(3, "\177ELF\2\1\1\0\0\0\0\0\0\0\0\0\3\0>\0\1\0\0\0\0\0\0\0\0\0\0\0"..., 832) = 832
fstat(3, {st_mode=S_IFREG|0644, st_size=208328, ...}) = 0
mmap(NULL, 211240, PROT_READ, MAP_PRIVATE|MAP_DENYWRITE, 3, 0) = 0x768f116a9000
mmap(0x768f116b7000, 77824, PROT_READ|PROT_EXEC, MAP_PRIVATE|MAP_FIXED|MAP_DENYWRITE, 3, 0xe000) = 0x768f116b7000
mmap(0x768f116ca000, 57344, PROT_READ, MAP_PRIVATE|MAP_FIXED|MAP_DENYWRITE, 3, 0x21000) = 0x768f116ca000
mmap(0x768f116d8000, 20480, PROT_READ|PROT_WRITE, MAP_PRIVATE|MAP_FIXED|MAP_DENYWRITE, 3, 0x2e000) = 0x768f116d8000
close(3)                                = 0
openat(AT_FDCWD, "/lib/x86_64-linux-gnu/libc.so.6", O_RDONLY|O_CLOEXEC) = 3
read(3, "\177ELF\2\1\1\3\0\0\0\0\0\0\0\0\3\0>\0\1\0\0\0\220\243\2\0\0\0\0\0"..., 832) = 832
pread64(3, "\6\0\0\0\4\0\0\0@\0\0\0\0\0\0\0@\0\0\0\0\0\0\0@\0\0\0\0\0\0\0"..., 784, 64) = 784
fstat(3, {st_mode=S_IFREG|0755, st_size=2125328, ...}) = 0
pread64(3, "\6\0\0\0\4\0\0\0@\0\0\0\0\0\0\0@\0\0\0\0\0\0\0@\0\0\0\0\0\0\0"..., 784, 64) = 784
mmap(NULL, 2170256, PROT_READ, MAP_PRIVATE|MAP_DENYWRITE, 3, 0) = 0x768f11400000
mmap(0x768f11428000, 1605632, PROT_READ|PROT_EXEC, MAP_PRIVATE|MAP_FIXED|MAP_DENYWRITE, 3, 0x28000) = 0x768f11428000
mmap(0x768f115b0000, 323584, PROT_READ, MAP_PRIVATE|MAP_FIXED|MAP_DENYWRITE, 3, 0x1b0000) = 0x768f115b0000
mmap(0x768f115ff000, 24576, PROT_READ|PROT_WRITE, MAP_PRIVATE|MAP_FIXED|MAP_DENYWRITE, 3, 0x1fe000) = 0x768f115ff000
mmap(0x768f11605000, 52624, PROT_READ|PROT_WRITE, MAP_PRIVATE|MAP_FIXED|MAP_ANONYMOUS, -1, 0) = 0x768f11605000
close(3)                                = 0
mmap(NULL, 12288, PROT_READ|PROT_WRITE, MAP_PRIVATE|MAP_ANONYMOUS, -1, 0) = 0x768f116a6000
arch_prctl(ARCH_SET_FS, 0x768f116a6740) = 0
set_tid_address(0x768f116a6a10)         = 106613
set_robust_list(0x768f116a6a20, 24)     = 0
rseq(0x768f116a7060, 0x20, 0, 0x53053053) = 0
mprotect(0x768f115ff000, 16384, PROT_READ) = 0
mprotect(0x768f116d8000, 16384, PROT_READ) = 0
mprotect(0x5b12daec9000, 16384, PROT_READ) = 0
mprotect(0x768f1171e000, 8192, PROT_READ) = 0
prlimit64(0, RLIMIT_STACK, NULL, {rlim_cur=8192*1024, rlim_max=RLIM64_INFINITY}) = 0
munmap(0x768f116dd000, 33987)           = 0
openat(AT_FDCWD, "/dev/tty", O_RDWR|O_NONBLOCK) = 3
close(3)                                = 0
getrandom("\x3a\xa6\x90\xb8\x86\x5d\xef\x7c", 8, GRND_NONBLOCK) = 8
brk(NULL)                               = 0x5b12f2df1000
brk(0x5b12f2e12000)                     = 0x5b12f2e12000
openat(AT_FDCWD, "/usr/lib/locale/locale-archive", O_RDONLY|O_CLOEXEC) = -1 ENOENT (No such file or directory)
openat(AT_FDCWD, "/usr/share/locale/locale.alias", O_RDONLY|O_CLOEXEC) = 3
fstat(3, {st_mode=S_IFREG|0644, st_size=2996, ...}) = 0
read(3, "# Locale name alias data base.\n#"..., 4096) = 2996
read(3, "", 4096)                       = 0
close(3)                                = 0
openat(AT_FDCWD, "/usr/lib/locale/C.UTF-8/LC_IDENTIFICATION", O_RDONLY|O_CLOEXEC) = -1 ENOENT (No such file or directory)
openat(AT_FDCWD, "/usr/lib/locale/C.utf8/LC_IDENTIFICATION", O_RDONLY|O_CLOEXEC) = 3
fstat(3, {st_mode=S_IFREG|0644, st_size=258, ...}) = 0
mmap(NULL, 258, PROT_READ, MAP_PRIVATE, 3, 0) = 0x768f116e5000
close(3)                                = 0
openat(AT_FDCWD, "/usr/lib/x86_64-linux-gnu/gconv/gconv-modules.cache", O_RDONLY|O_CLOEXEC) = 3
fstat(3, {st_mode=S_IFREG|0644, st_size=27028, ...}) = 0
mmap(NULL, 27028, PROT_READ, MAP_SHARED, 3, 0) = 0x768f116de000
close(3)                                = 0
futex(0x768f1160472c, FUTEX_WAKE_PRIVATE, 2147483647) = 0
openat(AT_FDCWD, "/usr/lib/locale/C.UTF-8/LC_MEASUREMENT", O_RDONLY|O_CLOEXEC) = -1 ENOENT (No such file or directory)
openat(AT_FDCWD, "/usr/lib/locale/C.utf8/LC_MEASUREMENT", O_RDONLY|O_CLOEXEC) = 3
fstat(3, {st_mode=S_IFREG|0644, st_size=23, ...}) = 0
mmap(NULL, 23, PROT_READ, MAP_PRIVATE, 3, 0) = 0x768f116dd000
close(3)                                = 0
openat(AT_FDCWD, "/usr/lib/locale/C.UTF-8/LC_TELEPHONE", O_RDONLY|O_CLOEXEC) = -1 ENOENT (No such file or directory)
openat(AT_FDCWD, "/usr/lib/locale/C.utf8/LC_TELEPHONE", O_RDONLY|O_CLOEXEC) = 3
fstat(3, {st_mode=S_IFREG|0644, st_size=47, ...}) = 0
mmap(NULL, 47, PROT_READ, MAP_PRIVATE, 3, 0) = 0x768f116a5000
close(3)                                = 0
openat(AT_FDCWD, "/usr/lib/locale/C.UTF-8/LC_ADDRESS", O_RDONLY|O_CLOEXEC) = -1 ENOENT (No such file or directory)
openat(AT_FDCWD, "/usr/lib/locale/C.utf8/LC_ADDRESS", O_RDONLY|O_CLOEXEC) = 3
fstat(3, {st_mode=S_IFREG|0644, st_size=127, ...}) = 0
mmap(NULL, 127, PROT_READ, MAP_PRIVATE, 3, 0) = 0x768f116a4000
close(3)                                = 0
openat(AT_FDCWD, "/usr/lib/locale/C.UTF-8/LC_NAME", O_RDONLY|O_CLOEXEC) = -1 ENOENT (No such file or directory)
openat(AT_FDCWD, "/usr/lib/locale/C.utf8/LC_NAME", O_RDONLY|O_CLOEXEC) = 3
fstat(3, {st_mode=S_IFREG|0644, st_size=62, ...}) = 0
mmap(NULL, 62, PROT_READ, MAP_PRIVATE, 3, 0) = 0x768f116a3000
close(3)                                = 0
openat(AT_FDCWD, "/usr/lib/locale/C.UTF-8/LC_PAPER", O_RDONLY|O_CLOEXEC) = -1 ENOENT (No such file or directory)
openat(AT_FDCWD, "/usr/lib/locale/C.utf8/LC_PAPER", O_RDONLY|O_CLOEXEC) = 3
fstat(3, {st_mode=S_IFREG|0644, st_size=34, ...}) = 0
mmap(NULL, 34, PROT_READ, MAP_PRIVATE, 3, 0) = 0x768f116a2000
close(3)                                = 0
openat(AT_FDCWD, "/usr/lib/locale/C.UTF-8/LC_MESSAGES", O_RDONLY|O_CLOEXEC) = -1 ENOENT (No such file or directory)
openat(AT_FDCWD, "/usr/lib/locale/C.utf8/LC_MESSAGES", O_RDONLY|O_CLOEXEC) = 3
fstat(3, {st_mode=S_IFDIR|0755, st_size=4096, ...}) = 0
close(3)                                = 0
openat(AT_FDCWD, "/usr/lib/locale/C.utf8/LC_MESSAGES/SYS_LC_MESSAGES", O_RDONLY|O_CLOEXEC) = 3
fstat(3, {st_mode=S_IFREG|0644, st_size=48, ...}) = 0
mmap(NULL, 48, PROT_READ, MAP_PRIVATE, 3, 0) = 0x768f116a1000
close(3)                                = 0
openat(AT_FDCWD, "/usr/lib/locale/C.UTF-8/LC_MONETARY", O_RDONLY|O_CLOEXEC) = -1 ENOENT (No such file or directory)
openat(AT_FDCWD, "/usr/lib/locale/C.utf8/LC_MONETARY", O_RDONLY|O_CLOEXEC) = 3
fstat(3, {st_mode=S_IFREG|0644, st_size=270, ...}) = 0
mmap(NULL, 270, PROT_READ, MAP_PRIVATE, 3, 0) = 0x768f116a0000
close(3)                                = 0
openat(AT_FDCWD, "/usr/lib/locale/C.UTF-8/LC_COLLATE", O_RDONLY|O_CLOEXEC) = -1 ENOENT (No such file or directory)
openat(AT_FDCWD, "/usr/lib/locale/C.utf8/LC_COLLATE", O_RDONLY|O_CLOEXEC) = 3
fstat(3, {st_mode=S_IFREG|0644, st_size=1406, ...}) = 0
mmap(NULL, 1406, PROT_READ, MAP_PRIVATE, 3, 0) = 0x768f1169f000
close(3)                                = 0
openat(AT_FDCWD, "/usr/lib/locale/C.UTF-8/LC_TIME", O_RDONLY|O_CLOEXEC) = -1 ENOENT (No such file or directory)
openat(AT_FDCWD, "/usr/lib/locale/C.utf8/LC_TIME", O_RDONLY|O_CLOEXEC) = 3
fstat(3, {st_mode=S_IFREG|0644, st_size=3360, ...}) = 0
mmap(NULL, 3360, PROT_READ, MAP_PRIVATE, 3, 0) = 0x768f1169e000
close(3)                                = 0
openat(AT_FDCWD, "/usr/lib/locale/C.UTF-8/LC_NUMERIC", O_RDONLY|O_CLOEXEC) = -1 ENOENT (No such file or directory)
openat(AT_FDCWD, "/usr/lib/locale/C.utf8/LC_NUMERIC", O_RDONLY|O_CLOEXEC) = 3
fstat(3, {st_mode=S_IFREG|0644, st_size=50, ...}) = 0
mmap(NULL, 50, PROT_READ, MAP_PRIVATE, 3, 0) = 0x768f1169d000
close(3)                                = 0
openat(AT_FDCWD, "/usr/lib/locale/C.UTF-8/LC_CTYPE", O_RDONLY|O_CLOEXEC) = -1 ENOENT (No such file or directory)
openat(AT_FDCWD, "/usr/lib/locale/C.utf8/LC_CTYPE", O_RDONLY|O_CLOEXEC) = 3
fstat(3, {st_mode=S_IFREG|0644, st_size=360460, ...}) = 0
mmap(NULL, 360460, PROT_READ, MAP_PRIVATE, 3, 0) = 0x768f11644000
close(3)                                = 0
getuid()                                = 1000
getgid()                                = 1000
geteuid()                               = 1000
getegid()                               = 1000
rt_sigprocmask(SIG_BLOCK, NULL, [], 8)  = 0
rt_sigaction(SIGCHLD, {sa_handler=SIG_DFL, sa_mask=[], sa_flags=SA_RESTORER|SA_RESTART, sa_restorer=0x768f11445330}, {sa_handler=SIG_DFL, sa_mask=[], sa_flags=0}, 8) = 0
rt_sigaction(SIGCHLD, {sa_handler=SIG_DFL, sa_mask=[], sa_flags=SA_RESTORER|SA_RESTART, sa_restorer=0x768f11445330}, {sa_handler=SIG_DFL, sa_mask=[], sa_flags=SA_RESTORER|SA_RESTART, sa_restorer=0x768f11445330}, 8) = 0
rt_sigaction(SIGINT, {sa_handler=SIG_DFL, sa_mask=[], sa_flags=SA_RESTORER, sa_restorer=0x768f11445330}, {sa_handler=SIG_DFL, sa_mask=[], sa_flags=0}, 8) = 0
rt_sigaction(SIGINT, {sa_handler=SIG_DFL, sa_mask=[], sa_flags=SA_RESTORER, sa_restorer=0x768f11445330}, {sa_handler=SIG_DFL, sa_mask=[], sa_flags=SA_RESTORER, sa_restorer=0x768f11445330}, 8) = 0
rt_sigaction(SIGQUIT, {sa_handler=SIG_DFL, sa_mask=[], sa_flags=SA_RESTORER, sa_restorer=0x768f11445330}, {sa_handler=SIG_DFL, sa_mask=[], sa_flags=0}, 8) = 0
rt_sigaction(SIGQUIT, {sa_handler=SIG_DFL, sa_mask=[], sa_flags=SA_RESTORER, sa_restorer=0x768f11445330}, {sa_handler=SIG_DFL, sa_mask=[], sa_flags=SA_RESTORER, sa_restorer=0x768f11445330}, 8) = 0
rt_sigaction(SIGTSTP, {sa_handler=SIG_DFL, sa_mask=[], sa_flags=SA_RESTORER, sa_restorer=0x768f11445330}, {sa_handler=SIG_DFL, sa_mask=[], sa_flags=0}, 8) = 0
rt_sigaction(SIGTSTP, {sa_handler=SIG_DFL, sa_mask=[], sa_flags=SA_RESTORER, sa_restorer=0x768f11445330}, {sa_handler=SIG_DFL, sa_mask=[], sa_flags=SA_RESTORER, sa_restorer=0x768f11445330}, 8) = 0
rt_sigaction(SIGTTIN, {sa_handler=SIG_DFL, sa_mask=[], sa_flags=SA_RESTORER, sa_restorer=0x768f11445330}, {sa_handler=SIG_DFL, sa_mask=[], sa_flags=0}, 8) = 0
rt_sigaction(SIGTTIN, {sa_handler=SIG_DFL, sa_mask=[], sa_flags=SA_RESTORER, sa_restorer=0x768f11445330}, {sa_handler=SIG_DFL, sa_mask=[], sa_flags=SA_RESTORER, sa_restorer=0x768f11445330}, 8) = 0
rt_sigaction(SIGTTOU, {sa_handler=SIG_DFL, sa_mask=[], sa_flags=SA_RESTORER, sa_restorer=0x768f11445330}, {sa_handler=SIG_DFL, sa_mask=[], sa_flags=0}, 8) = 0
rt_sigaction(SIGTTOU, {sa_handler=SIG_DFL, sa_mask=[], sa_flags=SA_RESTORER, sa_restorer=0x768f11445330}, {sa_handler=SIG_DFL, sa_mask=[], sa_flags=SA_RESTORER, sa_restorer=0x768f11445330}, 8) = 0
rt_sigprocmask(SIG_BLOCK, NULL, [], 8)  = 0
rt_sigaction(SIGQUIT, {sa_handler=SIG_IGN, sa_mask=[], sa_flags=SA_RESTORER, sa_restorer=0x768f11445330}, {sa_handler=SIG_DFL, sa_mask=[], sa_flags=SA_RESTORER, sa_restorer=0x768f11445330}, 8) = 0
uname({sysname="Linux", nodename="CatalanCrusher", ...}) = 0
newfstatat(AT_FDCWD, "/home/mqureshi/repos/linux_report_generator", {st_mode=S_IFDIR|0755, st_size=4096, ...}, 0) = 0
newfstatat(AT_FDCWD, ".", {st_mode=S_IFDIR|0755, st_size=4096, ...}, 0) = 0
newfstatat(AT_FDCWD, "/home", {st_mode=S_IFDIR|0755, st_size=4096, ...}, 0) = 0
newfstatat(AT_FDCWD, "/home/mqureshi", {st_mode=S_IFDIR|0750, st_size=4096, ...}, 0) = 0
newfstatat(AT_FDCWD, "/home/mqureshi/repos", {st_mode=S_IFDIR|0755, st_size=4096, ...}, 0) = 0
newfstatat(AT_FDCWD, "/home/mqureshi/repos/linux_report_generator", {st_mode=S_IFDIR|0755, st_size=4096, ...}, 0) = 0
newfstatat(AT_FDCWD, "/home/mqureshi/repos", {st_mode=S_IFDIR|0755, st_size=4096, ...}, 0) = 0
getpid()                                = 106613
getppid()                               = 106610
newfstatat(AT_FDCWD, ".", {st_mode=S_IFDIR|0755, st_size=4096, ...}, 0) = 0
newfstatat(AT_FDCWD, "/home/mqureshi/bin/bash", 0x7ffe78bd3780, 0) = -1 ENOENT (No such file or directory)
newfstatat(AT_FDCWD, "/home/mqureshi/.nvm/versions/node/v22.20.0/bin/bash", 0x7ffe78bd3780, 0) = -1 ENOENT (No such file or directory)
newfstatat(AT_FDCWD, "/home/mqureshi/miniconda3/bin/bash", 0x7ffe78bd3780, 0) = -1 ENOENT (No such file or directory)
newfstatat(AT_FDCWD, "/home/mqureshi/miniconda3/condabin/bash", 0x7ffe78bd3780, 0) = -1 ENOENT (No such file or directory)
newfstatat(AT_FDCWD, "/usr/local/sbin/bash", 0x7ffe78bd3780, 0) = -1 ENOENT (No such file or directory)
newfstatat(AT_FDCWD, "/usr/local/bin/bash", 0x7ffe78bd3780, 0) = -1 ENOENT (No such file or directory)
newfstatat(AT_FDCWD, "/usr/sbin/bash", 0x7ffe78bd3780, 0) = -1 ENOENT (No such file or directory)
newfstatat(AT_FDCWD, "/usr/bin/bash", {st_mode=S_IFREG|0755, st_size=1446024, ...}, 0) = 0
newfstatat(AT_FDCWD, "/usr/bin/bash", {st_mode=S_IFREG|0755, st_size=1446024, ...}, 0) = 0
geteuid()                               = 1000
getegid()                               = 1000
getuid()                                = 1000
getgid()                                = 1000
access("/usr/bin/bash", X_OK)           = 0
newfstatat(AT_FDCWD, "/usr/bin/bash", {st_mode=S_IFREG|0755, st_size=1446024, ...}, 0) = 0
geteuid()                               = 1000
getegid()                               = 1000
getuid()                                = 1000
getgid()                                = 1000
access("/usr/bin/bash", R_OK)           = 0
getpid()                                = 106613
getppid()                               = 106610
getpid()                                = 106613
getppid()                               = 106610
getpgrp()                               = 106610
ioctl(2, TIOCGPGRP, [106610])           = 0
rt_sigaction(SIGCHLD, {sa_handler=0x5b12daddb230, sa_mask=[], sa_flags=SA_RESTORER|SA_RESTART, sa_restorer=0x768f11445330}, {sa_handler=SIG_DFL, sa_mask=[], sa_flags=SA_RESTORER|SA_RESTART, sa_restorer=0x768f11445330}, 8) = 0
prlimit64(0, RLIMIT_NPROC, NULL, {rlim_cur=31093, rlim_max=31093}) = 0
rt_sigprocmask(SIG_BLOCK, NULL, [], 8)  = 0
openat(AT_FDCWD, "sysinfo_pro.sh", O_RDONLY) = 3
newfstatat(AT_FDCWD, "sysinfo_pro.sh", {st_mode=S_IFREG|0755, st_size=9600, ...}, 0) = 0
ioctl(3, TCGETS, 0x7ffe78bd3be0)        = -1 ENOTTY (Inappropriate ioctl for device)
lseek(3, 0, SEEK_CUR)                   = 0
read(3, "#!/bin/bash\n# sys_info_page: pro"..., 80) = 80
lseek(3, 0, SEEK_SET)                   = 0
prlimit64(0, RLIMIT_NOFILE, NULL, {rlim_cur=10*1024, rlim_max=1024*1024}) = 0
fcntl(255, F_GETFD)                     = -1 EBADF (Bad file descriptor)
dup2(3, 255)                            = 255
close(3)                                = 0
fcntl(255, F_SETFD, FD_CLOEXEC)         = 0
fcntl(255, F_GETFL)                     = 0x8000 (flags O_RDONLY|O_LARGEFILE)
fstat(255, {st_mode=S_IFREG|0755, st_size=9600, ...}) = 0
lseek(255, 0, SEEK_CUR)                 = 0
read(255, "#!/bin/bash\n# sys_info_page: pro"..., 8192) = 8192
rt_sigprocmask(SIG_BLOCK, NULL, [], 8)  = 0
rt_sigprocmask(SIG_BLOCK, NULL, [], 8)  = 0
pipe2([3, 4], 0)                        = 0
rt_sigprocmask(SIG_BLOCK, [CHLD], [], 8) = 0
rt_sigprocmask(SIG_SETMASK, [], NULL, 8) = 0
rt_sigprocmask(SIG_BLOCK, NULL, [], 8)  = 0
rt_sigprocmask(SIG_BLOCK, [INT TERM CHLD], [], 8) = 0
lseek(255, -8090, SEEK_CUR)             = 102
clone(child_stack=NULL, flags=CLONE_CHILD_CLEARTID|CLONE_CHILD_SETTID|SIGCHLD, child_tidptr=0x768f116a6a10) = 106614
rt_sigprocmask(SIG_SETMASK, [], NULL, 8) = 0
rt_sigaction(SIGCHLD, {sa_handler=0x5b12daddb230, sa_mask=[], sa_flags=SA_RESTORER|SA_RESTART, sa_restorer=0x768f11445330}, {sa_handler=0x5b12daddb230, sa_mask=[], sa_flags=SA_RESTORER|SA_RESTART, sa_restorer=0x768f11445330}, 8) = 0
close(4)                                = 0
rt_sigprocmask(SIG_BLOCK, [INT], [], 8) = 0
--- SIGCHLD {si_signo=SIGCHLD, si_code=CLD_EXITED, si_pid=106614, si_uid=1000, si_status=0, si_utime=0, si_stime=0} ---
wait4(-1, [{WIFEXITED(s) && WEXITSTATUS(s) == 0}], WNOHANG, NULL) = 106614
wait4(-1, 0x7ffe78bd2c10, WNOHANG, NULL) = -1 ECHILD (No child processes)
rt_sigreturn({mask=[INT]})              = 0
read(3, "sysinfo_pro.sh\n", 4096)       = 15
read(3, "", 4096)                       = 0
close(3)                                = 0
rt_sigprocmask(SIG_SETMASK, [], NULL, 8) = 0
rt_sigprocmask(SIG_BLOCK, [CHLD], [], 8) = 0
rt_sigaction(SIGINT, {sa_handler=0x5b12daddd750, sa_mask=[], sa_flags=SA_RESTORER, sa_restorer=0x768f11445330}, {sa_handler=SIG_DFL, sa_mask=[], sa_flags=SA_RESTORER, sa_restorer=0x768f11445330}, 8) = 0
rt_sigaction(SIGINT, {sa_handler=SIG_DFL, sa_mask=[], sa_flags=SA_RESTORER, sa_restorer=0x768f11445330}, {sa_handler=0x5b12daddd750, sa_mask=[], sa_flags=SA_RESTORER, sa_restorer=0x768f11445330}, 8) = 0
rt_sigprocmask(SIG_SETMASK, [], NULL, 8) = 0
read(255, "TITLE=\"System Information Report"..., 8192) = 8192
rt_sigprocmask(SIG_BLOCK, NULL, [], 8)  = 0
rt_sigprocmask(SIG_BLOCK, NULL, [], 8)  = 0
pipe2([3, 4], 0)                        = 0
rt_sigprocmask(SIG_BLOCK, [CHLD], [], 8) = 0
rt_sigprocmask(SIG_SETMASK, [], NULL, 8) = 0
rt_sigprocmask(SIG_BLOCK, NULL, [], 8)  = 0
rt_sigprocmask(SIG_BLOCK, [INT TERM CHLD], [], 8) = 0
lseek(255, -8109, SEEK_CUR)             = 185
clone(child_stack=NULL, flags=CLONE_CHILD_CLEARTID|CLONE_CHILD_SETTID|SIGCHLD, child_tidptr=0x768f116a6a10) = 106615
rt_sigprocmask(SIG_SETMASK, [], NULL, 8) = 0
rt_sigaction(SIGCHLD, {sa_handler=0x5b12daddb230, sa_mask=[], sa_flags=SA_RESTORER|SA_RESTART, sa_restorer=0x768f11445330}, {sa_handler=0x5b12daddb230, sa_mask=[], sa_flags=SA_RESTORER|SA_RESTART, sa_restorer=0x768f11445330}, 8) = 0
close(4)                                = 0
rt_sigprocmask(SIG_BLOCK, [INT], [], 8) = 0
--- SIGCHLD {si_signo=SIGCHLD, si_code=CLD_EXITED, si_pid=106615, si_uid=1000, si_status=0, si_utime=0, si_stime=0} ---
wait4(-1, [{WIFEXITED(s) && WEXITSTATUS(s) == 0}], WNOHANG, NULL) = 106615
wait4(-1, 0x7ffe78bd2c10, WNOHANG, NULL) = -1 ECHILD (No child processes)
rt_sigreturn({mask=[INT]})              = 0
read(3, "11/05/25 05:43:29 AM UTC\n", 4096) = 25
read(3, "", 4096)                       = 0
close(3)                                = 0
rt_sigprocmask(SIG_SETMASK, [], NULL, 8) = 0
rt_sigprocmask(SIG_BLOCK, [CHLD], [], 8) = 0
rt_sigaction(SIGINT, {sa_handler=0x5b12daddd750, sa_mask=[], sa_flags=SA_RESTORER, sa_restorer=0x768f11445330}, {sa_handler=SIG_DFL, sa_mask=[], sa_flags=SA_RESTORER, sa_restorer=0x768f11445330}, 8) = 0
rt_sigaction(SIGINT, {sa_handler=SIG_DFL, sa_mask=[], sa_flags=SA_RESTORER, sa_restorer=0x768f11445330}, {sa_handler=0x5b12daddd750, sa_mask=[], sa_flags=SA_RESTORER, sa_restorer=0x768f11445330}, 8) = 0
rt_sigprocmask(SIG_SETMASK, [], NULL, 8) = 0
read(255, "TIMESTAMP=\"Generated $CURRENT_TI"..., 8192) = 8192
brk(0x5b12f2e34000)                     = 0x5b12f2e34000
brk(0x5b12f2e33000)                     = 0x5b12f2e33000
read(255, "ment.createElement('a');\n       "..., 8192) = 1223
rt_sigprocmask(SIG_BLOCK, NULL, [], 8)  = 0
pipe2([3, 4], 0)                        = 0
rt_sigprocmask(SIG_BLOCK, [CHLD], [], 8) = 0
rt_sigprocmask(SIG_SETMASK, [], NULL, 8) = 0
rt_sigprocmask(SIG_BLOCK, NULL, [], 8)  = 0
rt_sigprocmask(SIG_BLOCK, [INT TERM CHLD], [], 8) = 0
lseek(255, -21, SEEK_CUR)               = 9579
clone(child_stack=NULL, flags=CLONE_CHILD_CLEARTID|CLONE_CHILD_SETTID|SIGCHLD, child_tidptr=0x768f116a6a10) = 106616
rt_sigprocmask(SIG_SETMASK, [], NULL, 8) = 0
rt_sigaction(SIGCHLD, {sa_handler=0x5b12daddb230, sa_mask=[], sa_flags=SA_RESTORER|SA_RESTART, sa_restorer=0x768f11445330}, {sa_handler=0x5b12daddb230, sa_mask=[], sa_flags=SA_RESTORER|SA_RESTART, sa_restorer=0x768f11445330}, 8) = 0
close(4)                                = 0
rt_sigprocmask(SIG_BLOCK, [INT], [], 8) = 0
read(3, "21007752\n", 4096)             = 9
read(3, "", 4096)                       = 0
--- SIGCHLD {si_signo=SIGCHLD, si_code=CLD_EXITED, si_pid=106616, si_uid=1000, si_status=0, si_utime=0, si_stime=0} ---
wait4(-1, [{WIFEXITED(s) && WEXITSTATUS(s) == 0}], WNOHANG, NULL) = 106616
wait4(-1, 0x7ffe78bd0610, WNOHANG, NULL) = -1 ECHILD (No child processes)
rt_sigreturn({mask=[INT]})              = 0
close(3)                                = 0
rt_sigprocmask(SIG_SETMASK, [], NULL, 8) = 0
rt_sigprocmask(SIG_BLOCK, [CHLD], [], 8) = 0
rt_sigaction(SIGINT, {sa_handler=0x5b12daddd750, sa_mask=[], sa_flags=SA_RESTORER, sa_restorer=0x768f11445330}, {sa_handler=SIG_DFL, sa_mask=[], sa_flags=SA_RESTORER, sa_restorer=0x768f11445330}, 8) = 0
rt_sigaction(SIGINT, {sa_handler=SIG_DFL, sa_mask=[], sa_flags=SA_RESTORER, sa_restorer=0x768f11445330}, {sa_handler=0x5b12daddd750, sa_mask=[], sa_flags=SA_RESTORER, sa_restorer=0x768f11445330}, 8) = 0
rt_sigprocmask(SIG_SETMASK, [], NULL, 8) = 0
rt_sigprocmask(SIG_BLOCK, NULL, [], 8)  = 0
pipe2([3, 4], 0)                        = 0
rt_sigprocmask(SIG_BLOCK, [CHLD], [], 8) = 0
rt_sigprocmask(SIG_SETMASK, [], NULL, 8) = 0
rt_sigprocmask(SIG_BLOCK, NULL, [], 8)  = 0
rt_sigprocmask(SIG_BLOCK, [INT TERM CHLD], [], 8) = 0
clone(child_stack=NULL, flags=CLONE_CHILD_CLEARTID|CLONE_CHILD_SETTID|SIGCHLD, child_tidptr=0x768f116a6a10) = 106619
rt_sigprocmask(SIG_SETMASK, [], NULL, 8) = 0
rt_sigaction(SIGCHLD, {sa_handler=0x5b12daddb230, sa_mask=[], sa_flags=SA_RESTORER|SA_RESTART, sa_restorer=0x768f11445330}, {sa_handler=0x5b12daddb230, sa_mask=[], sa_flags=SA_RESTORER|SA_RESTART, sa_restorer=0x768f11445330}, 8) = 0
close(4)                                = 0
rt_sigprocmask(SIG_BLOCK, [INT], [], 8) = 0
read(3, "981051640\n", 4096)            = 10
read(3, "", 4096)                       = 0
--- SIGCHLD {si_signo=SIGCHLD, si_code=CLD_EXITED, si_pid=106619, si_uid=1000, si_status=0, si_utime=0, si_stime=0} ---
wait4(-1, [{WIFEXITED(s) && WEXITSTATUS(s) == 0}], WNOHANG, NULL) = 106619
wait4(-1, 0x7ffe78bd0650, WNOHANG, NULL) = -1 ECHILD (No child processes)
rt_sigreturn({mask=[INT]})              = 0
close(3)                                = 0
rt_sigprocmask(SIG_SETMASK, [], NULL, 8) = 0
rt_sigprocmask(SIG_BLOCK, [CHLD], [], 8) = 0
rt_sigaction(SIGINT, {sa_handler=0x5b12daddd750, sa_mask=[], sa_flags=SA_RESTORER, sa_restorer=0x768f11445330}, {sa_handler=SIG_DFL, sa_mask=[], sa_flags=SA_RESTORER, sa_restorer=0x768f11445330}, 8) = 0
rt_sigaction(SIGINT, {sa_handler=SIG_DFL, sa_mask=[], sa_flags=SA_RESTORER, sa_restorer=0x768f11445330}, {sa_handler=0x5b12daddd750, sa_mask=[], sa_flags=SA_RESTORER, sa_restorer=0x768f11445330}, 8) = 0
rt_sigprocmask(SIG_SETMASK, [], NULL, 8) = 0
rt_sigprocmask(SIG_BLOCK, NULL, [], 8)  = 0
pipe2([3, 4], 0)                        = 0
rt_sigprocmask(SIG_BLOCK, [CHLD], [], 8) = 0
rt_sigprocmask(SIG_SETMASK, [], NULL, 8) = 0
rt_sigprocmask(SIG_BLOCK, NULL, [], 8)  = 0
rt_sigprocmask(SIG_BLOCK, [INT TERM CHLD], [], 8) = 0
clone(child_stack=NULL, flags=CLONE_CHILD_CLEARTID|CLONE_CHILD_SETTID|SIGCHLD, child_tidptr=0x768f116a6a10) = 106622
rt_sigprocmask(SIG_SETMASK, [], NULL, 8) = 0
rt_sigaction(SIGCHLD, {sa_handler=0x5b12daddb230, sa_mask=[], sa_flags=SA_RESTORER|SA_RESTART, sa_restorer=0x768f11445330}, {sa_handler=0x5b12daddb230, sa_mask=[], sa_flags=SA_RESTORER|SA_RESTART, sa_restorer=0x768f11445330}, 8) = 0
close(4)                                = 0
rt_sigprocmask(SIG_BLOCK, [INT], [], 8) = 0
read(3, "20.0346\n", 4096)              = 8
read(3, "", 4096)                       = 0
--- SIGCHLD {si_signo=SIGCHLD, si_code=CLD_EXITED, si_pid=106622, si_uid=1000, si_status=0, si_utime=0, si_stime=0} ---
wait4(-1, [{WIFEXITED(s) && WEXITSTATUS(s) == 0}], WNOHANG, NULL) = 106622
wait4(-1, 0x7ffe78bd0790, WNOHANG, NULL) = -1 ECHILD (No child processes)
rt_sigreturn({mask=[INT]})              = 0
close(3)                                = 0
rt_sigprocmask(SIG_SETMASK, [], NULL, 8) = 0
rt_sigprocmask(SIG_BLOCK, [CHLD], [], 8) = 0
rt_sigaction(SIGINT, {sa_handler=0x5b12daddd750, sa_mask=[], sa_flags=SA_RESTORER, sa_restorer=0x768f11445330}, {sa_handler=SIG_DFL, sa_mask=[], sa_flags=SA_RESTORER, sa_restorer=0x768f11445330}, 8) = 0
rt_sigaction(SIGINT, {sa_handler=SIG_DFL, sa_mask=[], sa_flags=SA_RESTORER, sa_restorer=0x768f11445330}, {sa_handler=0x5b12daddd750, sa_mask=[], sa_flags=SA_RESTORER, sa_restorer=0x768f11445330}, 8) = 0
rt_sigprocmask(SIG_SETMASK, [], NULL, 8) = 0
rt_sigprocmask(SIG_BLOCK, NULL, [], 8)  = 0
pipe2([3, 4], 0)                        = 0
rt_sigprocmask(SIG_BLOCK, [CHLD], [], 8) = 0
rt_sigprocmask(SIG_SETMASK, [], NULL, 8) = 0
rt_sigprocmask(SIG_BLOCK, NULL, [], 8)  = 0
rt_sigprocmask(SIG_BLOCK, [INT TERM CHLD], [], 8) = 0
clone(child_stack=NULL, flags=CLONE_CHILD_CLEARTID|CLONE_CHILD_SETTID|SIGCHLD, child_tidptr=0x768f116a6a10) = 106623
rt_sigprocmask(SIG_SETMASK, [], NULL, 8) = 0
rt_sigaction(SIGCHLD, {sa_handler=0x5b12daddb230, sa_mask=[], sa_flags=SA_RESTORER|SA_RESTART, sa_restorer=0x768f11445330}, {sa_handler=0x5b12daddb230, sa_mask=[], sa_flags=SA_RESTORER|SA_RESTART, sa_restorer=0x768f11445330}, 8) = 0
close(4)                                = 0
rt_sigprocmask(SIG_BLOCK, [INT], [], 8) = 0
read(3, "935.604\n", 4096)              = 8
--- SIGCHLD {si_signo=SIGCHLD, si_code=CLD_EXITED, si_pid=106623, si_uid=1000, si_status=0, si_utime=0, si_stime=0} ---
wait4(-1, [{WIFEXITED(s) && WEXITSTATUS(s) == 0}], WNOHANG, NULL) = 106623
wait4(-1, 0x7ffe78bd08d0, WNOHANG, NULL) = -1 ECHILD (No child processes)
rt_sigreturn({mask=[INT]})              = 8
read(3, "", 4096)                       = 0
close(3)                                = 0
rt_sigprocmask(SIG_SETMASK, [], NULL, 8) = 0
rt_sigprocmask(SIG_BLOCK, [CHLD], [], 8) = 0
rt_sigaction(SIGINT, {sa_handler=0x5b12daddd750, sa_mask=[], sa_flags=SA_RESTORER, sa_restorer=0x768f11445330}, {sa_handler=SIG_DFL, sa_mask=[], sa_flags=SA_RESTORER, sa_restorer=0x768f11445330}, 8) = 0
rt_sigaction(SIGINT, {sa_handler=SIG_DFL, sa_mask=[], sa_flags=SA_RESTORER, sa_restorer=0x768f11445330}, {sa_handler=0x5b12daddd750, sa_mask=[], sa_flags=SA_RESTORER, sa_restorer=0x768f11445330}, 8) = 0
rt_sigprocmask(SIG_SETMASK, [], NULL, 8) = 0
rt_sigprocmask(SIG_BLOCK, NULL, [], 8)  = 0
pipe2([3, 4], 0)                        = 0
rt_sigprocmask(SIG_BLOCK, [CHLD], [], 8) = 0
rt_sigprocmask(SIG_SETMASK, [], NULL, 8) = 0
rt_sigprocmask(SIG_BLOCK, NULL, [], 8)  = 0
rt_sigprocmask(SIG_BLOCK, [INT TERM CHLD], [], 8) = 0
clone(child_stack=NULL, flags=CLONE_CHILD_CLEARTID|CLONE_CHILD_SETTID|SIGCHLD, child_tidptr=0x768f116a6a10) = 106624
rt_sigprocmask(SIG_SETMASK, [], NULL, 8) = 0
rt_sigaction(SIGCHLD, {sa_handler=0x5b12daddb230, sa_mask=[], sa_flags=SA_RESTORER|SA_RESTART, sa_restorer=0x768f11445330}, {sa_handler=0x5b12daddb230, sa_mask=[], sa_flags=SA_RESTORER|SA_RESTART, sa_restorer=0x768f11445330}, 8) = 0
close(4)                                = 0
rt_sigprocmask(SIG_BLOCK, [INT], [], 8) = 0
read(3, "7783\n", 4096)                 = 5
read(3, "", 4096)                       = 0
--- SIGCHLD {si_signo=SIGCHLD, si_code=CLD_EXITED, si_pid=106624, si_uid=1000, si_status=0, si_utime=0, si_stime=0} ---
wait4(-1, [{WIFEXITED(s) && WEXITSTATUS(s) == 0}], WNOHANG, NULL) = 106624
wait4(-1, 0x7ffe78bd0a10, WNOHANG, NULL) = -1 ECHILD (No child processes)
rt_sigreturn({mask=[INT]})              = 0
close(3)                                = 0
rt_sigprocmask(SIG_SETMASK, [], NULL, 8) = 0
rt_sigprocmask(SIG_BLOCK, [CHLD], [], 8) = 0
rt_sigaction(SIGINT, {sa_handler=0x5b12daddd750, sa_mask=[], sa_flags=SA_RESTORER, sa_restorer=0x768f11445330}, {sa_handler=SIG_DFL, sa_mask=[], sa_flags=SA_RESTORER, sa_restorer=0x768f11445330}, 8) = 0
rt_sigaction(SIGINT, {sa_handler=SIG_DFL, sa_mask=[], sa_flags=SA_RESTORER, sa_restorer=0x768f11445330}, {sa_handler=0x5b12daddd750, sa_mask=[], sa_flags=SA_RESTORER, sa_restorer=0x768f11445330}, 8) = 0
rt_sigprocmask(SIG_SETMASK, [], NULL, 8) = 0
rt_sigprocmask(SIG_BLOCK, NULL, [], 8)  = 0
pipe2([3, 4], 0)                        = 0
rt_sigprocmask(SIG_BLOCK, [CHLD], [], 8) = 0
rt_sigprocmask(SIG_SETMASK, [], NULL, 8) = 0
rt_sigprocmask(SIG_BLOCK, NULL, [], 8)  = 0
rt_sigprocmask(SIG_BLOCK, [INT TERM CHLD], [], 8) = 0
clone(child_stack=NULL, flags=CLONE_CHILD_CLEARTID|CLONE_CHILD_SETTID|SIGCHLD, child_tidptr=0x768f116a6a10) = 106627
rt_sigprocmask(SIG_SETMASK, [], NULL, 8) = 0
rt_sigaction(SIGCHLD, {sa_handler=0x5b12daddb230, sa_mask=[], sa_flags=SA_RESTORER|SA_RESTART, sa_restorer=0x768f11445330}, {sa_handler=0x5b12daddb230, sa_mask=[], sa_flags=SA_RESTORER|SA_RESTART, sa_restorer=0x768f11445330}, 8) = 0
close(4)                                = 0
rt_sigprocmask(SIG_BLOCK, [INT], [], 8) = 0
read(3, "1493\n", 4096)                 = 5
read(3, "", 4096)                       = 0
--- SIGCHLD {si_signo=SIGCHLD, si_code=CLD_EXITED, si_pid=106627, si_uid=1000, si_status=0, si_utime=0, si_stime=0} ---
wait4(-1, [{WIFEXITED(s) && WEXITSTATUS(s) == 0}], WNOHANG, NULL) = 106627
wait4(-1, 0x7ffe78bd0b50, WNOHANG, NULL) = -1 ECHILD (No child processes)
rt_sigreturn({mask=[INT]})              = 0
close(3)                                = 0
rt_sigprocmask(SIG_SETMASK, [], NULL, 8) = 0
rt_sigprocmask(SIG_BLOCK, [CHLD], [], 8) = 0
rt_sigaction(SIGINT, {sa_handler=0x5b12daddd750, sa_mask=[], sa_flags=SA_RESTORER, sa_restorer=0x768f11445330}, {sa_handler=SIG_DFL, sa_mask=[], sa_flags=SA_RESTORER, sa_restorer=0x768f11445330}, 8) = 0
rt_sigaction(SIGINT, {sa_handler=SIG_DFL, sa_mask=[], sa_flags=SA_RESTORER, sa_restorer=0x768f11445330}, {sa_handler=0x5b12daddd750, sa_mask=[], sa_flags=SA_RESTORER, sa_restorer=0x768f11445330}, 8) = 0
rt_sigprocmask(SIG_SETMASK, [], NULL, 8) = 0
rt_sigprocmask(SIG_BLOCK, NULL, [], 8)  = 0
pipe2([3, 4], 0)                        = 0
rt_sigprocmask(SIG_BLOCK, [CHLD], [], 8) = 0
rt_sigprocmask(SIG_SETMASK, [], NULL, 8) = 0
rt_sigprocmask(SIG_BLOCK, NULL, [], 8)  = 0
rt_sigprocmask(SIG_BLOCK, [INT TERM CHLD], [], 8) = 0
clone(child_stack=NULL, flags=CLONE_CHILD_CLEARTID|CLONE_CHILD_SETTID|SIGCHLD, child_tidptr=0x768f116a6a10) = 106630
rt_sigprocmask(SIG_SETMASK, [], NULL, 8) = 0
rt_sigaction(SIGCHLD, {sa_handler=0x5b12daddb230, sa_mask=[], sa_flags=SA_RESTORER|SA_RESTART, sa_restorer=0x768f11445330}, {sa_handler=0x5b12daddb230, sa_mask=[], sa_flags=SA_RESTORER|SA_RESTART, sa_restorer=0x768f11445330}, 8) = 0
close(4)                                = 0
rt_sigprocmask(SIG_BLOCK, [INT], [], 8) = 0
read(3, "5787\n", 4096)                 = 5
read(3, "", 4096)                       = 0
--- SIGCHLD {si_signo=SIGCHLD, si_code=CLD_EXITED, si_pid=106630, si_uid=1000, si_status=0, si_utime=0, si_stime=0} ---
wait4(-1, [{WIFEXITED(s) && WEXITSTATUS(s) == 0}], WNOHANG, NULL) = 106630
wait4(-1, 0x7ffe78bd0c90, WNOHANG, NULL) = -1 ECHILD (No child processes)
rt_sigreturn({mask=[INT]})              = 0
close(3)                                = 0
rt_sigprocmask(SIG_SETMASK, [], NULL, 8) = 0
rt_sigprocmask(SIG_BLOCK, [CHLD], [], 8) = 0
rt_sigaction(SIGINT, {sa_handler=0x5b12daddd750, sa_mask=[], sa_flags=SA_RESTORER, sa_restorer=0x768f11445330}, {sa_handler=SIG_DFL, sa_mask=[], sa_flags=SA_RESTORER, sa_restorer=0x768f11445330}, 8) = 0
rt_sigaction(SIGINT, {sa_handler=SIG_DFL, sa_mask=[], sa_flags=SA_RESTORER, sa_restorer=0x768f11445330}, {sa_handler=0x5b12daddd750, sa_mask=[], sa_flags=SA_RESTORER, sa_restorer=0x768f11445330}, 8) = 0
rt_sigprocmask(SIG_SETMASK, [], NULL, 8) = 0
rt_sigprocmask(SIG_BLOCK, NULL, [], 8)  = 0
pipe2([3, 4], 0)                        = 0
rt_sigprocmask(SIG_BLOCK, [CHLD], [], 8) = 0
rt_sigprocmask(SIG_SETMASK, [], NULL, 8) = 0
rt_sigprocmask(SIG_BLOCK, NULL, [], 8)  = 0
rt_sigprocmask(SIG_BLOCK, [INT TERM CHLD], [], 8) = 0
clone(child_stack=NULL, flags=CLONE_CHILD_CLEARTID|CLONE_CHILD_SETTID|SIGCHLD, child_tidptr=0x768f116a6a10) = 106633
rt_sigprocmask(SIG_SETMASK, [], NULL, 8) = 0
rt_sigaction(SIGCHLD, {sa_handler=0x5b12daddb230, sa_mask=[], sa_flags=SA_RESTORER|SA_RESTART, sa_restorer=0x768f11445330}, {sa_handler=0x5b12daddb230, sa_mask=[], sa_flags=SA_RESTORER|SA_RESTART, sa_restorer=0x768f11445330}, 8) = 0
close(4)                                = 0
rt_sigprocmask(SIG_BLOCK, [INT], [], 8) = 0
read(3, "15G\t/home/mqureshi\n", 4096)  = 19
read(3, "", 4096)                       = 0
--- SIGCHLD {si_signo=SIGCHLD, si_code=CLD_EXITED, si_pid=106633, si_uid=1000, si_status=0, si_utime=0, si_stime=0} ---
wait4(-1, [{WIFEXITED(s) && WEXITSTATUS(s) == 0}], WNOHANG, NULL) = 106633
wait4(-1, 0x7ffe78bd0dd0, WNOHANG, NULL) = -1 ECHILD (No child processes)
rt_sigreturn({mask=[INT]})              = 0
close(3)                                = 0
rt_sigprocmask(SIG_SETMASK, [], NULL, 8) = 0
rt_sigprocmask(SIG_BLOCK, [CHLD], [], 8) = 0
rt_sigaction(SIGINT, {sa_handler=0x5b12daddd750, sa_mask=[], sa_flags=SA_RESTORER, sa_restorer=0x768f11445330}, {sa_handler=SIG_DFL, sa_mask=[], sa_flags=SA_RESTORER, sa_restorer=0x768f11445330}, 8) = 0
rt_sigaction(SIGINT, {sa_handler=SIG_DFL, sa_mask=[], sa_flags=SA_RESTORER, sa_restorer=0x768f11445330}, {sa_handler=0x5b12daddd750, sa_mask=[], sa_flags=SA_RESTORER, sa_restorer=0x768f11445330}, 8) = 0
rt_sigprocmask(SIG_SETMASK, [], NULL, 8) = 0
pipe2([3, 4], 0)                        = 0
fcntl(4, F_GETPIPE_SZ)                  = 65536
write(4, "15G\t/home/mqureshi\n", 19)   = 19
close(4)                                = 0
fcntl(0, F_GETFD)                       = 0
fcntl(0, F_DUPFD, 10)                   = 10
fcntl(0, F_GETFD)                       = 0
fcntl(10, F_SETFD, FD_CLOEXEC)          = 0
dup2(3, 0)                              = 0
close(3)                                = 0
rt_sigprocmask(SIG_BLOCK, NULL, [], 8)  = 0
ioctl(0, TCGETS, 0x7ffe78bd27f0)        = -1 ENOTTY (Inappropriate ioctl for device)
lseek(0, 0, SEEK_CUR)                   = -1 ESPIPE (Illegal seek)
read(0, "1", 1)                         = 1
read(0, "5", 1)                         = 1
read(0, "G", 1)                         = 1
read(0, "\t", 1)                        = 1
read(0, "/", 1)                         = 1
read(0, "h", 1)                         = 1
read(0, "o", 1)                         = 1
read(0, "m", 1)                         = 1
read(0, "e", 1)                         = 1
read(0, "/", 1)                         = 1
read(0, "m", 1)                         = 1
read(0, "q", 1)                         = 1
read(0, "u", 1)                         = 1
read(0, "r", 1)                         = 1
read(0, "e", 1)                         = 1
read(0, "s", 1)                         = 1
read(0, "h", 1)                         = 1
read(0, "i", 1)                         = 1
read(0, "\n", 1)                        = 1
rt_sigprocmask(SIG_BLOCK, NULL, [], 8)  = 0
pipe2([3, 4], 0)                        = 0
rt_sigprocmask(SIG_BLOCK, [CHLD], [], 8) = 0
rt_sigprocmask(SIG_SETMASK, [], NULL, 8) = 0
rt_sigprocmask(SIG_BLOCK, NULL, [], 8)  = 0
rt_sigprocmask(SIG_BLOCK, [INT TERM CHLD], [], 8) = 0
clone(child_stack=NULL, flags=CLONE_CHILD_CLEARTID|CLONE_CHILD_SETTID|SIGCHLD, child_tidptr=0x768f116a6a10) = 106637
rt_sigprocmask(SIG_SETMASK, [], NULL, 8) = 0
rt_sigaction(SIGCHLD, {sa_handler=0x5b12daddb230, sa_mask=[], sa_flags=SA_RESTORER|SA_RESTART, sa_restorer=0x768f11445330}, {sa_handler=0x5b12daddb230, sa_mask=[], sa_flags=SA_RESTORER|SA_RESTART, sa_restorer=0x768f11445330}, 8) = 0
close(4)                                = 0
rt_sigprocmask(SIG_BLOCK, [INT], [], 8) = 0
read(3, "15\n", 4096)                   = 3
read(3, "", 4096)                       = 0
--- SIGCHLD {si_signo=SIGCHLD, si_code=CLD_EXITED, si_pid=106637, si_uid=1000, si_status=0, si_utime=0, si_stime=0} ---
wait4(-1, [{WIFEXITED(s) && WEXITSTATUS(s) == 0}], WNOHANG, NULL) = 106637
wait4(-1, 0x7ffe78bd0b10, WNOHANG, NULL) = -1 ECHILD (No child processes)
rt_sigreturn({mask=[INT]})              = 0
close(3)                                = 0
rt_sigprocmask(SIG_SETMASK, [], NULL, 8) = 0
rt_sigprocmask(SIG_BLOCK, [CHLD], [], 8) = 0
rt_sigaction(SIGINT, {sa_handler=0x5b12daddd750, sa_mask=[], sa_flags=SA_RESTORER, sa_restorer=0x768f11445330}, {sa_handler=SIG_DFL, sa_mask=[], sa_flags=SA_RESTORER, sa_restorer=0x768f11445330}, 8) = 0
rt_sigaction(SIGINT, {sa_handler=SIG_DFL, sa_mask=[], sa_flags=SA_RESTORER, sa_restorer=0x768f11445330}, {sa_handler=0x5b12daddd750, sa_mask=[], sa_flags=SA_RESTORER, sa_restorer=0x768f11445330}, 8) = 0
rt_sigprocmask(SIG_SETMASK, [], NULL, 8) = 0
rt_sigprocmask(SIG_BLOCK, NULL, [], 8)  = 0
pipe2([3, 4], 0)                        = 0
rt_sigprocmask(SIG_BLOCK, [CHLD], [], 8) = 0
rt_sigprocmask(SIG_SETMASK, [], NULL, 8) = 0
rt_sigprocmask(SIG_BLOCK, NULL, [], 8)  = 0
rt_sigprocmask(SIG_BLOCK, [INT TERM CHLD], [], 8) = 0
clone(child_stack=NULL, flags=CLONE_CHILD_CLEARTID|CLONE_CHILD_SETTID|SIGCHLD, child_tidptr=0x768f116a6a10) = 106640
rt_sigprocmask(SIG_SETMASK, [], NULL, 8) = 0
rt_sigaction(SIGCHLD, {sa_handler=0x5b12daddb230, sa_mask=[], sa_flags=SA_RESTORER|SA_RESTART, sa_restorer=0x768f11445330}, {sa_handler=0x5b12daddb230, sa_mask=[], sa_flags=SA_RESTORER|SA_RESTART, sa_restorer=0x768f11445330}, 8) = 0
close(4)                                = 0
rt_sigprocmask(SIG_BLOCK, [INT], [], 8) = 0
read(3, "G\n", 4096)                    = 2
read(3, "", 4096)                       = 0
--- SIGCHLD {si_signo=SIGCHLD, si_code=CLD_EXITED, si_pid=106640, si_uid=1000, si_status=0, si_utime=0, si_stime=0} ---
wait4(-1, [{WIFEXITED(s) && WEXITSTATUS(s) == 0}], WNOHANG, NULL) = 106640
wait4(-1, 0x7ffe78bd0b10, WNOHANG, NULL) = -1 ECHILD (No child processes)
rt_sigreturn({mask=[INT]})              = 0
close(3)                                = 0
rt_sigprocmask(SIG_SETMASK, [], NULL, 8) = 0
rt_sigprocmask(SIG_BLOCK, [CHLD], [], 8) = 0
rt_sigaction(SIGINT, {sa_handler=0x5b12daddd750, sa_mask=[], sa_flags=SA_RESTORER, sa_restorer=0x768f11445330}, {sa_handler=SIG_DFL, sa_mask=[], sa_flags=SA_RESTORER, sa_restorer=0x768f11445330}, 8) = 0
rt_sigaction(SIGINT, {sa_handler=SIG_DFL, sa_mask=[], sa_flags=SA_RESTORER, sa_restorer=0x768f11445330}, {sa_handler=0x5b12daddd750, sa_mask=[], sa_flags=SA_RESTORER, sa_restorer=0x768f11445330}, 8) = 0
rt_sigprocmask(SIG_SETMASK, [], NULL, 8) = 0
rt_sigprocmask(SIG_BLOCK, NULL, [], 8)  = 0
pipe2([3, 4], 0)                        = 0
rt_sigprocmask(SIG_BLOCK, [CHLD], [], 8) = 0
rt_sigprocmask(SIG_SETMASK, [], NULL, 8) = 0
rt_sigprocmask(SIG_BLOCK, NULL, [], 8)  = 0
rt_sigprocmask(SIG_BLOCK, [INT TERM CHLD], [], 8) = 0
clone(child_stack=NULL, flags=CLONE_CHILD_CLEARTID|CLONE_CHILD_SETTID|SIGCHLD, child_tidptr=0x768f116a6a10) = 106643
rt_sigprocmask(SIG_SETMASK, [], NULL, 8) = 0
--- SIGCHLD {si_signo=SIGCHLD, si_code=CLD_EXITED, si_pid=106643, si_uid=1000, si_status=0, si_utime=0, si_stime=0} ---
wait4(-1, [{WIFEXITED(s) && WEXITSTATUS(s) == 0}], WNOHANG, NULL) = 106643
wait4(-1, 0x7ffe78bd1850, WNOHANG, NULL) = -1 ECHILD (No child processes)
rt_sigreturn({mask=[]})                 = 0
rt_sigaction(SIGCHLD, {sa_handler=0x5b12daddb230, sa_mask=[], sa_flags=SA_RESTORER|SA_RESTART, sa_restorer=0x768f11445330}, {sa_handler=0x5b12daddb230, sa_mask=[], sa_flags=SA_RESTORER|SA_RESTART, sa_restorer=0x768f11445330}, 8) = 0
close(4)                                = 0
rt_sigprocmask(SIG_BLOCK, [INT], [], 8) = 0
read(3, "15360\n", 4096)                = 6
read(3, "", 4096)                       = 0
close(3)                                = 0
rt_sigprocmask(SIG_SETMASK, [], NULL, 8) = 0
rt_sigprocmask(SIG_BLOCK, [CHLD], [], 8) = 0
rt_sigaction(SIGINT, {sa_handler=0x5b12daddd750, sa_mask=[], sa_flags=SA_RESTORER, sa_restorer=0x768f11445330}, {sa_handler=SIG_DFL, sa_mask=[], sa_flags=SA_RESTORER, sa_restorer=0x768f11445330}, 8) = 0
rt_sigaction(SIGINT, {sa_handler=SIG_DFL, sa_mask=[], sa_flags=SA_RESTORER, sa_restorer=0x768f11445330}, {sa_handler=0x5b12daddd750, sa_mask=[], sa_flags=SA_RESTORER, sa_restorer=0x768f11445330}, 8) = 0
rt_sigprocmask(SIG_SETMASK, [], NULL, 8) = 0
rt_sigprocmask(SIG_BLOCK, NULL, [], 8)  = 0
rt_sigprocmask(SIG_BLOCK, NULL, [], 8)  = 0
pipe2([3, 4], 0)                        = 0
rt_sigprocmask(SIG_BLOCK, [CHLD], [], 8) = 0
rt_sigprocmask(SIG_SETMASK, [], NULL, 8) = 0
rt_sigprocmask(SIG_BLOCK, NULL, [], 8)  = 0
rt_sigprocmask(SIG_BLOCK, [INT TERM CHLD], [], 8) = 0
clone(child_stack=NULL, flags=CLONE_CHILD_CLEARTID|CLONE_CHILD_SETTID|SIGCHLD, child_tidptr=0x768f116a6a10) = 106644
rt_sigprocmask(SIG_SETMASK, [], NULL, 8) = 0
rt_sigaction(SIGCHLD, {sa_handler=0x5b12daddb230, sa_mask=[], sa_flags=SA_RESTORER|SA_RESTART, sa_restorer=0x768f11445330}, {sa_handler=0x5b12daddb230, sa_mask=[], sa_flags=SA_RESTORER|SA_RESTART, sa_restorer=0x768f11445330}, 8) = 0
--- SIGCHLD {si_signo=SIGCHLD, si_code=CLD_EXITED, si_pid=106644, si_uid=1000, si_status=0, si_utime=0, si_stime=0} ---
wait4(-1, [{WIFEXITED(s) && WEXITSTATUS(s) == 0}], WNOHANG, NULL) = 106644
wait4(-1, 0x7ffe78bd1990, WNOHANG, NULL) = -1 ECHILD (No child processes)
rt_sigreturn({mask=[]})                 = 0
close(4)                                = 0
rt_sigprocmask(SIG_BLOCK, [INT], [], 8) = 0
read(3, "mqureshi\n", 4096)             = 9
read(3, "", 4096)                       = 0
close(3)                                = 0
rt_sigprocmask(SIG_SETMASK, [], NULL, 8) = 0
rt_sigprocmask(SIG_BLOCK, [CHLD], [], 8) = 0
rt_sigaction(SIGINT, {sa_handler=0x5b12daddd750, sa_mask=[], sa_flags=SA_RESTORER, sa_restorer=0x768f11445330}, {sa_handler=SIG_DFL, sa_mask=[], sa_flags=SA_RESTORER, sa_restorer=0x768f11445330}, 8) = 0
rt_sigaction(SIGINT, {sa_handler=SIG_DFL, sa_mask=[], sa_flags=SA_RESTORER, sa_restorer=0x768f11445330}, {sa_handler=0x5b12daddd750, sa_mask=[], sa_flags=SA_RESTORER, sa_restorer=0x768f11445330}, 8) = 0
rt_sigprocmask(SIG_SETMASK, [], NULL, 8) = 0
rt_sigprocmask(SIG_BLOCK, NULL, [], 8)  = 0
ioctl(0, TCGETS, 0x7ffe78bd27f0)        = -1 ENOTTY (Inappropriate ioctl for device)
lseek(0, 0, SEEK_CUR)                   = -1 ESPIPE (Illegal seek)
read(0, "", 1)                          = 0
dup2(10, 0)                             = 0
fcntl(10, F_GETFD)                      = 0x1 (flags FD_CLOEXEC)
close(10)                               = 0
rt_sigprocmask(SIG_BLOCK, NULL, [], 8)  = 0
pipe2([3, 4], 0)                        = 0
rt_sigprocmask(SIG_BLOCK, [CHLD], [], 8) = 0
rt_sigprocmask(SIG_SETMASK, [], NULL, 8) = 0
rt_sigprocmask(SIG_BLOCK, NULL, [], 8)  = 0
rt_sigprocmask(SIG_BLOCK, [INT TERM CHLD], [], 8) = 0
clone(child_stack=NULL, flags=CLONE_CHILD_CLEARTID|CLONE_CHILD_SETTID|SIGCHLD, child_tidptr=0x768f116a6a10) = 106645
rt_sigprocmask(SIG_SETMASK, [], NULL, 8) = 0
rt_sigaction(SIGCHLD, {sa_handler=0x5b12daddb230, sa_mask=[], sa_flags=SA_RESTORER|SA_RESTART, sa_restorer=0x768f11445330}, {sa_handler=0x5b12daddb230, sa_mask=[], sa_flags=SA_RESTORER|SA_RESTART, sa_restorer=0x768f11445330}, 8) = 0
close(4)                                = 0
rt_sigprocmask(SIG_BLOCK, [INT], [], 8) = 0
read(3, "\"mqureshi\"", 4096)           = 10
--- SIGCHLD {si_signo=SIGCHLD, si_code=CLD_EXITED, si_pid=106645, si_uid=1000, si_status=0, si_utime=0, si_stime=0} ---
wait4(-1, [{WIFEXITED(s) && WEXITSTATUS(s) == 0}], WNOHANG, NULL) = 106645
wait4(-1, 0x7ffe78bd12d0, WNOHANG, NULL) = -1 ECHILD (No child processes)
rt_sigreturn({mask=[INT]})              = 10
read(3, "", 4096)                       = 0
close(3)                                = 0
rt_sigprocmask(SIG_SETMASK, [], NULL, 8) = 0
rt_sigprocmask(SIG_BLOCK, [CHLD], [], 8) = 0
rt_sigaction(SIGINT, {sa_handler=0x5b12daddd750, sa_mask=[], sa_flags=SA_RESTORER, sa_restorer=0x768f11445330}, {sa_handler=SIG_DFL, sa_mask=[], sa_flags=SA_RESTORER, sa_restorer=0x768f11445330}, 8) = 0
rt_sigaction(SIGINT, {sa_handler=SIG_DFL, sa_mask=[], sa_flags=SA_RESTORER, sa_restorer=0x768f11445330}, {sa_handler=0x5b12daddd750, sa_mask=[], sa_flags=SA_RESTORER, sa_restorer=0x768f11445330}, 8) = 0
rt_sigprocmask(SIG_SETMASK, [], NULL, 8) = 0
rt_sigprocmask(SIG_BLOCK, NULL, [], 8)  = 0
pipe2([3, 4], 0)                        = 0
rt_sigprocmask(SIG_BLOCK, [CHLD], [], 8) = 0
rt_sigprocmask(SIG_SETMASK, [], NULL, 8) = 0
rt_sigprocmask(SIG_BLOCK, NULL, [], 8)  = 0
rt_sigprocmask(SIG_BLOCK, [INT TERM CHLD], [], 8) = 0
clone(child_stack=NULL, flags=CLONE_CHILD_CLEARTID|CLONE_CHILD_SETTID|SIGCHLD, child_tidptr=0x768f116a6a10) = 106648
rt_sigprocmask(SIG_SETMASK, [], NULL, 8) = 0
rt_sigaction(SIGCHLD, {sa_handler=0x5b12daddb230, sa_mask=[], sa_flags=SA_RESTORER|SA_RESTART, sa_restorer=0x768f11445330}, {sa_handler=0x5b12daddb230, sa_mask=[], sa_flags=SA_RESTORER|SA_RESTART, sa_restorer=0x768f11445330}, 8) = 0
close(4)                                = 0
rt_sigprocmask(SIG_BLOCK, [INT], [], 8) = 0
read(3, "15360", 4096)                  = 5
--- SIGCHLD {si_signo=SIGCHLD, si_code=CLD_EXITED, si_pid=106648, si_uid=1000, si_status=0, si_utime=0, si_stime=0} ---
wait4(-1, [{WIFEXITED(s) && WEXITSTATUS(s) == 0}], WNOHANG, NULL) = 106648
wait4(-1, 0x7ffe78bd1410, WNOHANG, NULL) = -1 ECHILD (No child processes)
rt_sigreturn({mask=[INT]})              = 5
read(3, "", 4096)                       = 0
close(3)                                = 0
rt_sigprocmask(SIG_SETMASK, [], NULL, 8) = 0
rt_sigprocmask(SIG_BLOCK, [CHLD], [], 8) = 0
rt_sigaction(SIGINT, {sa_handler=0x5b12daddd750, sa_mask=[], sa_flags=SA_RESTORER, sa_restorer=0x768f11445330}, {sa_handler=SIG_DFL, sa_mask=[], sa_flags=SA_RESTORER, sa_restorer=0x768f11445330}, 8) = 0
rt_sigaction(SIGINT, {sa_handler=SIG_DFL, sa_mask=[], sa_flags=SA_RESTORER, sa_restorer=0x768f11445330}, {sa_handler=0x5b12daddd750, sa_mask=[], sa_flags=SA_RESTORER, sa_restorer=0x768f11445330}, 8) = 0
rt_sigprocmask(SIG_SETMASK, [], NULL, 8) = 0
newfstatat(AT_FDCWD, ".", {st_mode=S_IFDIR|0755, st_size=4096, ...}, 0) = 0
newfstatat(AT_FDCWD, "/home/mqureshi/bin/cat", 0x7ffe78bd2e90, 0) = -1 ENOENT (No such file or directory)
newfstatat(AT_FDCWD, "/home/mqureshi/.nvm/versions/node/v22.20.0/bin/cat", 0x7ffe78bd2e90, 0) = -1 ENOENT (No such file or directory)
newfstatat(AT_FDCWD, "/home/mqureshi/miniconda3/bin/cat", 0x7ffe78bd2e90, 0) = -1 ENOENT (No such file or directory)
newfstatat(AT_FDCWD, "/home/mqureshi/miniconda3/condabin/cat", 0x7ffe78bd2e90, 0) = -1 ENOENT (No such file or directory)
newfstatat(AT_FDCWD, "/usr/local/sbin/cat", 0x7ffe78bd2e90, 0) = -1 ENOENT (No such file or directory)
newfstatat(AT_FDCWD, "/usr/local/bin/cat", 0x7ffe78bd2e90, 0) = -1 ENOENT (No such file or directory)
newfstatat(AT_FDCWD, "/usr/sbin/cat", 0x7ffe78bd2e90, 0) = -1 ENOENT (No such file or directory)
newfstatat(AT_FDCWD, "/usr/bin/cat", {st_mode=S_IFREG|0755, st_size=39384, ...}, 0) = 0
newfstatat(AT_FDCWD, "/usr/bin/cat", {st_mode=S_IFREG|0755, st_size=39384, ...}, 0) = 0
geteuid()                               = 1000
getegid()                               = 1000
getuid()                                = 1000
getgid()                                = 1000
access("/usr/bin/cat", X_OK)            = 0
newfstatat(AT_FDCWD, "/usr/bin/cat", {st_mode=S_IFREG|0755, st_size=39384, ...}, 0) = 0
geteuid()                               = 1000
getegid()                               = 1000
getuid()                                = 1000
getgid()                                = 1000
access("/usr/bin/cat", R_OK)            = 0
rt_sigprocmask(SIG_BLOCK, NULL, [], 8)  = 0
rt_sigprocmask(SIG_BLOCK, [INT TERM CHLD], [], 8) = 0
rt_sigprocmask(SIG_BLOCK, [CHLD], [INT TERM CHLD], 8) = 0
rt_sigprocmask(SIG_SETMASK, [INT TERM CHLD], NULL, 8) = 0
clone(child_stack=NULL, flags=CLONE_CHILD_CLEARTID|CLONE_CHILD_SETTID|SIGCHLD, child_tidptr=0x768f116a6a10) = 106651
rt_sigprocmask(SIG_SETMASK, [], NULL, 8) = 0
rt_sigprocmask(SIG_BLOCK, [CHLD], [], 8) = 0
rt_sigprocmask(SIG_SETMASK, [], NULL, 8) = 0
rt_sigprocmask(SIG_BLOCK, [CHLD], [], 8) = 0
rt_sigaction(SIGINT, {sa_handler=0x5b12daddd750, sa_mask=[], sa_flags=SA_RESTORER, sa_restorer=0x768f11445330}, {sa_handler=SIG_DFL, sa_mask=[], sa_flags=SA_RESTORER, sa_restorer=0x768f11445330}, 8) = 0
wait4(-1, [{WIFEXITED(s) && WEXITSTATUS(s) == 0}], 0, NULL) = 106651
rt_sigaction(SIGINT, {sa_handler=SIG_DFL, sa_mask=[], sa_flags=SA_RESTORER, sa_restorer=0x768f11445330}, {sa_handler=0x5b12daddd750, sa_mask=[], sa_flags=SA_RESTORER, sa_restorer=0x768f11445330}, 8) = 0
ioctl(2, TIOCGWINSZ, {ws_row=37, ws_col=70, ws_xpixel=0, ws_ypixel=0}) = 0
rt_sigprocmask(SIG_SETMASK, [], NULL, 8) = 0
--- SIGCHLD {si_signo=SIGCHLD, si_code=CLD_EXITED, si_pid=106651, si_uid=1000, si_status=0, si_utime=0, si_stime=0} ---
wait4(-1, 0x7ffe78bd2a10, WNOHANG, NULL) = -1 ECHILD (No child processes)
rt_sigreturn({mask=[]})                 = 0
read(255, "\necho \"My PID is: $$\"", 8192) = 21
read(255, "", 8192)                     = 0
fstat(1, {st_mode=S_IFCHR|0620, st_rdev=makedev(0x88, 0x8), ...}) = 0
write(1, "My PID is: 106613\n", 18)     = 18
read(255, "", 8192)                     = 0
rt_sigprocmask(SIG_BLOCK, [CHLD], [], 8) = 0
rt_sigprocmask(SIG_SETMASK, [], NULL, 8) = 0
exit_group(0)                           = ?
+++ exited with 0 +++
